# JRE version: Java(TM) SE Runtime Environment (8.0_191-b12) (build 1.8.0_191-b12)
# Java VM: Java HotSpot(TM) 64-Bit Server VM (25.191-b12 mixed mode bsd-amd64 compressed oops)
Heap:
 PSYoungGen      total 279040K, used 144891K [0x0000000795580000, 0x00000007a9300000, 0x00000007c0000000)
  eden space 260096K, 55% used [0x0000000795580000,0x000000079e2fec50,0x00000007a5380000)
  from space 18944K, 0% used [0x00000007a5380000,0x00000007a5380000,0x00000007a6600000)
  to   space 25600K, 0% used [0x00000007a7a00000,0x00000007a7a00000,0x00000007a9300000)
 ParOldGen       total 139776K, used 40039K [0x0000000740000000, 0x0000000748880000, 0x0000000795580000)
  object space 139776K, 28% used [0x0000000740000000,0x0000000742719fa0,0x0000000748880000)
 Metaspace       used 43374K, capacity 44640K, committed 44800K, reserved 1087488K
  class space    used 5475K, capacity 5818K, committed 5888K, reserved 1048576K
GC Heap History (10 events):
Event: 3.686 GC heap before
{Heap before GC invocations=5 (full 0):
 PSYoungGen      total 138240K, used 131128K [0x0000000795580000, 0x000000079e180000, 0x00000007c0000000)
  eden space 133120K, 94% used [0x0000000795580000,0x000000079d092248,0x000000079d780000)
  from space 5120K, 99% used [0x000000079dc80000,0x000000079e17c010,0x000000079e180000)
  to   space 5120K, 0% used [0x000000079d780000,0x000000079d780000,0x000000079dc80000)
 ParOldGen       total 87552K, used 12255K [0x0000000740000000, 0x0000000745580000, 0x0000000795580000)
  object space 87552K, 13% used [0x0000000740000000,0x0000000740bf7ce0,0x0000000745580000)
 Metaspace       used 20648K, capacity 21126K, committed 21296K, reserved 1069056K
  class space    used 2473K, capacity 2620K, committed 2688K, reserved 1048576K
Event: 3.704 GC heap after
Heap after GC invocations=5 (full 0):
 PSYoungGen      total 138240K, used 5104K [0x0000000795580000, 0x00000007a7880000, 0x00000007c0000000)
  eden space 133120K, 0% used [0x0000000795580000,0x0000000795580000,0x000000079d780000)
  from space 5120K, 99% used [0x000000079d780000,0x000000079dc7c030,0x000000079dc80000)
  to   space 15872K, 0% used [0x00000007a6900000,0x00000007a6900000,0x00000007a7880000)
 ParOldGen       total 87552K, used 20226K [0x0000000740000000, 0x0000000745580000, 0x0000000795580000)
  object space 87552K, 23% used [0x0000000740000000,0x00000007413c0b30,0x0000000745580000)
 Metaspace       used 20648K, capacity 21126K, committed 21296K, reserved 1069056K
  class space    used 2473K, capacity 2620K, committed 2688K, reserved 1048576K
}
Event: 3.704 GC heap before
{Heap before GC invocations=6 (full 1):
 PSYoungGen      total 138240K, used 5104K [0x0000000795580000, 0x00000007a7880000, 0x00000007c0000000)
  eden space 133120K, 0% used [0x0000000795580000,0x0000000795580000,0x000000079d780000)
  from space 5120K, 99% used [0x000000079d780000,0x000000079dc7c030,0x000000079dc80000)
  to   space 15872K, 0% used [0x00000007a6900000,0x00000007a6900000,0x00000007a7880000)
 ParOldGen       total 87552K, used 20226K [0x0000000740000000, 0x0000000745580000, 0x0000000795580000)
  object space 87552K, 23% used [0x0000000740000000,0x00000007413c0b30,0x0000000745580000)
 Metaspace       used 20648K, capacity 21126K, committed 21296K, reserved 1069056K
  class space    used 2473K, capacity 2620K, committed 2688K, reserved 1048576K
Event: 3.789 GC heap after
Heap after GC invocations=6 (full 1):
 PSYoungGen      total 138240K, used 0K [0x0000000795580000, 0x00000007a7880000, 0x00000007c0000000)
  eden space 133120K, 0% used [0x0000000795580000,0x0000000795580000,0x000000079d780000)
  from space 5120K, 0% used [0x000000079d780000,0x000000079d780000,0x000000079dc80000)
  to   space 15872K, 0% used [0x00000007a6900000,0x00000007a6900000,0x00000007a7880000)
 ParOldGen       total 83456K, used 19943K [0x0000000740000000, 0x0000000745180000, 0x0000000795580000)
  object space 83456K, 23% used [0x0000000740000000,0x0000000741379f60,0x0000000745180000)
 Metaspace       used 20648K, capacity 21126K, committed 21296K, reserved 1069056K
  class space    used 2473K, capacity 2620K, committed 2688K, reserved 1048576K
}
Event: 4.994 GC heap before
{Heap before GC invocations=7 (full 1):
 PSYoungGen      total 138240K, used 133120K [0x0000000795580000, 0x00000007a7880000, 0x00000007c0000000)
  eden space 133120K, 100% used [0x0000000795580000,0x000000079d780000,0x000000079d780000)
  from space 5120K, 0% used [0x000000079d780000,0x000000079d780000,0x000000079dc80000)
  to   space 15872K, 0% used [0x00000007a6900000,0x00000007a6900000,0x00000007a7880000)
 ParOldGen       total 83456K, used 19943K [0x0000000740000000, 0x0000000745180000, 0x0000000795580000)
  object space 83456K, 23% used [0x0000000740000000,0x0000000741379f60,0x0000000745180000)
 Metaspace       used 24173K, capacity 24722K, committed 24832K, reserved 1071104K
  class space    used 2890K, capacity 3051K, committed 3072K, reserved 1048576K
Event: 5.016 GC heap after
Heap after GC invocations=7 (full 1):
 PSYoungGen      total 206336K, used 15870K [0x0000000795580000, 0x00000007a7880000, 0x00000007c0000000)
  eden space 190464K, 0% used [0x0000000795580000,0x0000000795580000,0x00000007a0f80000)
  from space 15872K, 99% used [0x00000007a6900000,0x00000007a787f848,0x00000007a7880000)
  to   space 18944K, 0% used [0x00000007a5380000,0x00000007a5380000,0x00000007a6600000)
 ParOldGen       total 83456K, used 20498K [0x0000000740000000, 0x0000000745180000, 0x0000000795580000)
  object space 83456K, 24% used [0x0000000740000000,0x0000000741404888,0x0000000745180000)
 Metaspace       used 24173K, capacity 24722K, committed 24832K, reserved 1071104K
  class space    used 2890K, capacity 3051K, committed 3072K, reserved 1048576K
}
Event: 6.220 GC heap before
{Heap before GC invocations=8 (full 1):
 PSYoungGen      total 206336K, used 156208K [0x0000000795580000, 0x00000007a7880000, 0x00000007c0000000)
  eden space 190464K, 73% used [0x0000000795580000,0x000000079de8c9e8,0x00000007a0f80000)
  from space 15872K, 99% used [0x00000007a6900000,0x00000007a787f848,0x00000007a7880000)
  to   space 18944K, 0% used [0x00000007a5380000,0x00000007a5380000,0x00000007a6600000)
 ParOldGen       total 83456K, used 20498K [0x0000000740000000, 0x0000000745180000, 0x0000000795580000)
  object space 83456K, 24% used [0x0000000740000000,0x0000000741404888,0x0000000745180000)
 Metaspace       used 34472K, capacity 35384K, committed 35496K, reserved 1081344K
  class space    used 4305K, capacity 4591K, committed 4608K, reserved 1048576K
Event: 6.244 GC heap after
Heap after GC invocations=8 (full 1):
 PSYoungGen      total 279040K, used 18914K [0x0000000795580000, 0x00000007a9300000, 0x00000007c0000000)
  eden space 260096K, 0% used [0x0000000795580000,0x0000000795580000,0x00000007a5380000)
  from space 18944K, 99% used [0x00000007a5380000,0x00000007a65f8ad8,0x00000007a6600000)
  to   space 25600K, 0% used [0x00000007a7a00000,0x00000007a7a00000,0x00000007a9300000)
 ParOldGen       total 83456K, used 26900K [0x0000000740000000, 0x0000000745180000, 0x0000000795580000)
  object space 83456K, 32% used [0x0000000740000000,0x0000000741a45360,0x0000000745180000)
 Metaspace       used 34472K, capacity 35384K, committed 35496K, reserved 1081344K
  class space    used 4305K, capacity 4591K, committed 4608K, reserved 1048576K
}
Event: 6.244 GC heap before
{Heap before GC invocations=9 (full 2):
 PSYoungGen      total 279040K, used 18914K [0x0000000795580000, 0x00000007a9300000, 0x00000007c0000000)
  eden space 260096K, 0% used [0x0000000795580000,0x0000000795580000,0x00000007a5380000)
  from space 18944K, 99% used [0x00000007a5380000,0x00000007a65f8ad8,0x00000007a6600000)
  to   space 25600K, 0% used [0x00000007a7a00000,0x00000007a7a00000,0x00000007a9300000)
 ParOldGen       total 83456K, used 26900K [0x0000000740000000, 0x0000000745180000, 0x0000000795580000)
  object space 83456K, 32% used [0x0000000740000000,0x0000000741a45360,0x0000000745180000)
 Metaspace       used 34472K, capacity 35384K, committed 35496K, reserved 1081344K
  class space    used 4305K, capacity 4591K, committed 4608K, reserved 1048576K
Event: 6.375 GC heap after
Heap after GC invocations=9 (full 2):
 PSYoungGen      total 279040K, used 0K [0x0000000795580000, 0x00000007a9300000, 0x00000007c0000000)
  eden space 260096K, 0% used [0x0000000795580000,0x0000000795580000,0x00000007a5380000)
  from space 18944K, 0% used [0x00000007a5380000,0x00000007a5380000,0x00000007a6600000)
  to   space 25600K, 0% used [0x00000007a7a00000,0x00000007a7a00000,0x00000007a9300000)
 ParOldGen       total 139776K, used 40039K [0x0000000740000000, 0x0000000748880000, 0x0000000795580000)
  object space 139776K, 28% used [0x0000000740000000,0x0000000742719fa0,0x0000000748880000)
 Metaspace       used 33522K, capacity 34380K, committed 35496K, reserved 1081344K
  class space    used 4169K, capacity 4448K, committed 4608K, reserved 1048576K
}

